20163 : 2021-09-05 20:06:39,269 : INFO : telemetry.main : Attempt start. Configuration directory [/Users/maximilian-hoheiser/.azure].
20163 : 2021-09-05 20:06:39,269 : INFO : telemetry.check : Positive: The /Users/maximilian-hoheiser/.azure/telemetry.txt does not exist.
20163 : 2021-09-05 20:06:39,269 : DEBUG : telemetry.note : acquiring lock
20163 : 2021-09-05 20:06:39,269 : DEBUG : telemetry.note : acquired lock
20163 : 2021-09-05 20:06:39,269 : INFO : telemetry.note : Update the note mtime to 2021-09-05 20:06:39.269368
20163 : 2021-09-05 20:06:39,269 : WARNING : telemetry.note : Fail to parse or read the timestamp 'N/A' in the note file. Set the last send time to minimal. Reason: not readable
20163 : 2021-09-05 20:06:39,269 : INFO : telemetry.records : No cache to be uploaded.
20163 : 2021-09-05 20:06:39,269 : INFO : telemetry.client : Accumulated 0 events. Flush the clients.
20163 : 2021-09-05 20:06:39,269 : INFO : telemetry.note : Update the last send in note to 0001-01-01 00:00:00
20163 : 2021-09-05 20:06:39,269 : INFO : telemetry.note : Update the note mtime to 2021-09-05 20:06:39.269570
13427 : 2021-11-25 15:15:10,395 : INFO : telemetry.main : Attempt start. Configuration directory [/Users/maximilian-hoheiser/.azure].
13427 : 2021-11-25 15:15:10,395 : INFO : telemetry.check : Returns Positive.
13427 : 2021-11-25 15:15:10,395 : DEBUG : telemetry.note : acquiring lock
13427 : 2021-11-25 15:15:10,395 : DEBUG : telemetry.note : acquired lock
13427 : 2021-11-25 15:15:10,395 : INFO : telemetry.note : Update the note mtime to 2021-11-25 15:15:10.395876
13427 : 2021-11-25 15:15:10,398 : INFO : telemetry.note : Read timestamp from the note. The last send was 0001-01-01 00:00:00.
13427 : 2021-11-25 15:15:10,398 : INFO : telemetry.records : No cache to be uploaded.
13427 : 2021-11-25 15:15:10,398 : INFO : telemetry.client : Accumulated 0 events. Flush the clients.
13427 : 2021-11-25 15:15:10,398 : INFO : telemetry.note : Update the last send in note to 0001-01-01 00:00:00
13427 : 2021-11-25 15:15:10,398 : INFO : telemetry.note : Update the note mtime to 2021-11-25 15:15:10.398662
19279 : 2021-11-25 15:42:32,588 : INFO : telemetry.main : Attempt start. Configuration directory [/Users/maximilian-hoheiser/.azure].
19279 : 2021-11-25 15:42:32,588 : INFO : telemetry.check : Returns Positive.
19279 : 2021-11-25 15:42:32,588 : DEBUG : telemetry.note : acquiring lock
19279 : 2021-11-25 15:42:32,588 : DEBUG : telemetry.note : acquired lock
19279 : 2021-11-25 15:42:32,588 : INFO : telemetry.note : Update the note mtime to 2021-11-25 15:42:32.588416
19279 : 2021-11-25 15:42:32,589 : INFO : telemetry.note : Read timestamp from the note. The last send was 0001-01-01 00:00:00.
19279 : 2021-11-25 15:42:32,589 : INFO : telemetry.records : No cache to be uploaded.
19279 : 2021-11-25 15:42:32,589 : INFO : telemetry.client : Accumulated 0 events. Flush the clients.
19279 : 2021-11-25 15:42:32,589 : INFO : telemetry.note : Update the last send in note to 0001-01-01 00:00:00
19279 : 2021-11-25 15:42:32,589 : INFO : telemetry.note : Update the note mtime to 2021-11-25 15:42:32.589625
18650 : 2021-12-25 02:00:40,587 : INFO : telemetry.main : Attempt start. Configuration directory [/Users/maximilian-hoheiser/.azure].
18650 : 2021-12-25 02:00:40,587 : INFO : telemetry.check : Returns Positive.
18650 : 2021-12-25 02:00:40,587 : DEBUG : telemetry.note : acquiring lock
18650 : 2021-12-25 02:00:40,587 : DEBUG : telemetry.note : acquired lock
18650 : 2021-12-25 02:00:40,587 : INFO : telemetry.note : Update the note mtime to 2021-12-25 02:00:40.587807
18650 : 2021-12-25 02:00:40,590 : INFO : telemetry.note : Read timestamp from the note. The last send was 0001-01-01 00:00:00.
18650 : 2021-12-25 02:00:40,590 : INFO : telemetry.records : No cache to be uploaded.
18650 : 2021-12-25 02:00:40,590 : INFO : telemetry.client : Accumulated 0 events. Flush the clients.
18650 : 2021-12-25 02:00:40,590 : INFO : telemetry.note : Update the last send in note to 0001-01-01 00:00:00
18650 : 2021-12-25 02:00:40,590 : INFO : telemetry.note : Update the note mtime to 2021-12-25 02:00:40.590639
37755 : 2022-01-01 19:25:34,947 : INFO : telemetry.main : Attempt start. Configuration directory [/Users/max/.azure].
37755 : 2022-01-01 19:25:34,947 : INFO : telemetry.check : Returns Positive.
37755 : 2022-01-01 19:25:34,947 : DEBUG : telemetry.note : acquiring lock
37755 : 2022-01-01 19:25:34,947 : DEBUG : telemetry.note : acquired lock
37755 : 2022-01-01 19:25:34,947 : INFO : telemetry.note : Update the note mtime to 2022-01-01 19:25:34.947899
37755 : 2022-01-01 19:25:34,948 : INFO : telemetry.note : Read timestamp from the note. The last send was 0001-01-01 00:00:00.
37755 : 2022-01-01 19:25:34,948 : INFO : telemetry.records : No cache to be uploaded.
37755 : 2022-01-01 19:25:34,949 : INFO : telemetry.client : Accumulated 0 events. Flush the clients.
37755 : 2022-01-01 19:25:34,949 : INFO : telemetry.note : Update the last send in note to 0001-01-01 00:00:00
37755 : 2022-01-01 19:25:34,949 : INFO : telemetry.note : Update the note mtime to 2022-01-01 19:25:34.949147
